Start testing: Oct 10 15:47 EDT
----------------------------------------------------------
1/3 Testing: ComputeMethod.TEST
1/3 Test: ComputeMethod.TEST
Command: "/home/syed/808X_week4/TDD_pid_controller/build/test/cpp-test" "--gtest_filter=ComputeMethod.TEST" "--gtest_also_run_disabled_tests"
Directory: /home/syed/808X_week4/TDD_pid_controller/build/test
"ComputeMethod.TEST" start time: Oct 10 15:47 EDT
Output:
----------------------------------------------------------
Note: Google Test filter = ComputeMethod.TEST
[==========] Running 1 test from 1 test suite.
[----------] Global test environment set-up.
[----------] 1 test from ComputeMethod
[ RUN      ] ComputeMethod.TEST
[       OK ] ComputeMethod.TEST (0 ms)
[----------] 1 test from ComputeMethod (0 ms total)

[----------] Global test environment tear-down
[==========] 1 test from 1 test suite ran. (0 ms total)
[  PASSED  ] 1 test.
<end of output>
Test time =   0.00 sec
----------------------------------------------------------
Test Passed.
"ComputeMethod.TEST" end time: Oct 10 15:47 EDT
"ComputeMethod.TEST" time elapsed: 00:00:00
----------------------------------------------------------

2/3 Testing: ComputeMethod1.TEST2
2/3 Test: ComputeMethod1.TEST2
Command: "/home/syed/808X_week4/TDD_pid_controller/build/test/cpp-test" "--gtest_filter=ComputeMethod1.TEST2" "--gtest_also_run_disabled_tests"
Directory: /home/syed/808X_week4/TDD_pid_controller/build/test
"ComputeMethod1.TEST2" start time: Oct 10 15:47 EDT
Output:
----------------------------------------------------------
Note: Google Test filter = ComputeMethod1.TEST2
[==========] Running 1 test from 1 test suite.
[----------] Global test environment set-up.
[----------] 1 test from ComputeMethod1
[ RUN      ] ComputeMethod1.TEST2
[       OK ] ComputeMethod1.TEST2 (0 ms)
[----------] 1 test from ComputeMethod1 (0 ms total)

[----------] Global test environment tear-down
[==========] 1 test from 1 test suite ran. (0 ms total)
[  PASSED  ] 1 test.
<end of output>
Test time =   0.00 sec
----------------------------------------------------------
Test Passed.
"ComputeMethod1.TEST2" end time: Oct 10 15:47 EDT
"ComputeMethod1.TEST2" time elapsed: 00:00:00
----------------------------------------------------------

3/3 Testing: ComputeMethod2.TEST3
3/3 Test: ComputeMethod2.TEST3
Command: "/home/syed/808X_week4/TDD_pid_controller/build/test/cpp-test" "--gtest_filter=ComputeMethod2.TEST3" "--gtest_also_run_disabled_tests"
Directory: /home/syed/808X_week4/TDD_pid_controller/build/test
"ComputeMethod2.TEST3" start time: Oct 10 15:47 EDT
Output:
----------------------------------------------------------
Note: Google Test filter = ComputeMethod2.TEST3
[==========] Running 1 test from 1 test suite.
[----------] Global test environment set-up.
[----------] 1 test from ComputeMethod2
[ RUN      ] ComputeMethod2.TEST3
[       OK ] ComputeMethod2.TEST3 (0 ms)
[----------] 1 test from ComputeMethod2 (0 ms total)

[----------] Global test environment tear-down
[==========] 1 test from 1 test suite ran. (0 ms total)
[  PASSED  ] 1 test.
<end of output>
Test time =   0.00 sec
----------------------------------------------------------
Test Passed.
"ComputeMethod2.TEST3" end time: Oct 10 15:47 EDT
"ComputeMethod2.TEST3" time elapsed: 00:00:00
----------------------------------------------------------

End testing: Oct 10 15:47 EDT
