<?xml version='1.0' encoding='UTF-8'?>
<!DOCTYPE coverage SYSTEM 'http://cobertura.sourceforge.net/xml/coverage-04.dtd'>
<coverage line-rate="0.7" branch-rate="1.0" lines-covered="14" lines-valid="20" branches-covered="4" branches-valid="4" complexity="0.0" timestamp="1696964539" version="gcovr 5.0"><sources><source>/home/surya-software/pid-controller</source></sources><packages><package name="app" line-rate="1.0" branch-rate="1.0" complexity="0.0"><classes><class name="main_cpp" filename="app/main.cpp" line-rate="1.0" branch-rate="1.0" complexity="0.0"><methods/><lines><line number="15" hits="1" branch="false"/><line number="17" hits="1" branch="false"/><line number="18" hits="1" branch="true" condition-coverage="100% (1/1)"><conditions><condition number="0" type="jump" coverage="100%"/></conditions></line><line number="19" hits="1" branch="true" condition-coverage="100% (3/3)"><conditions><condition number="0" type="jump" coverage="100%"/></conditions></line><line number="20" hits="1" branch="false"/></lines></class></classes></package><package name="libs.lib1" line-rate="0.0" branch-rate="0.0" complexity="0.0"><classes><class name="src_cpp" filename="libs/lib1/src.cpp" line-rate="0.0" branch-rate="0.0" complexity="0.0"><methods/><lines><line number="1" hits="0" branch="false"/><line number="3" hits="0" branch="false"/></lines></class></classes></package><package name="libs.lib2" line-rate="0.0" branch-rate="0.0" complexity="0.0"><classes><class name="src_cpp" filename="libs/lib2/src.cpp" line-rate="0.0" branch-rate="0.0" complexity="0.0"><methods/><lines><line number="1" hits="0" branch="false"/><line number="3" hits="0" branch="false"/></lines></class></classes></package><package name="libs.lib3" line-rate="0.8181818181818182" branch-rate="0.0" complexity="0.0"><classes><class name="pid_cpp" filename="libs/lib3/pid.cpp" line-rate="0.5" branch-rate="0.0" complexity="0.0"><methods/><lines><line number="5" hits="0" branch="false"/><line number="8" hits="0" branch="false"/><line number="11" hits="1" branch="false"/><line number="13" hits="1" branch="false"/></lines></class><class name="pid_hpp" filename="libs/lib3/pid.hpp" line-rate="1.0" branch-rate="0.0" complexity="0.0"><methods/><lines><line number="22" hits="1" branch="false"/><line number="23" hits="1" branch="false"/><line number="24" hits="1" branch="false"/><line number="25" hits="1" branch="false"/><line number="26" hits="1" branch="false"/><line number="27" hits="1" branch="false"/><line number="28" hits="1" branch="false"/></lines></class></classes></package></packages></coverage>