<?xml version='1.0' encoding='UTF-8'?>
<!DOCTYPE coverage SYSTEM 'http://cobertura.sourceforge.net/xml/coverage-04.dtd'>
<coverage line-rate="0.8666666666666667" branch-rate="1.0" lines-covered="26" lines-valid="30" branches-covered="6" branches-valid="6" complexity="0.0" timestamp="1696967241" version="gcovr 5.0"><sources><source>/home/syed/808X_week4/TDD_pid_controller</source></sources><packages><package name="app" line-rate="1.0" branch-rate="1.0" complexity="0.0"><classes><class name="main_cpp" filename="app/main.cpp" line-rate="1.0" branch-rate="1.0" complexity="0.0"><methods/><lines><line number="15" hits="1" branch="false"/><line number="17" hits="1" branch="false"/><line number="18" hits="1" branch="true" condition-coverage="100% (1/1)"><conditions><condition number="0" type="jump" coverage="100%"/></conditions></line><line number="19" hits="1" branch="true" condition-coverage="100% (3/3)"><conditions><condition number="0" type="jump" coverage="100%"/></conditions></line><line number="20" hits="1" branch="false"/></lines></class></classes></package><package name="libs.lib1" line-rate="0.0" branch-rate="0.0" complexity="0.0"><classes><class name="src_cpp" filename="libs/lib1/src.cpp" line-rate="0.0" branch-rate="0.0" complexity="0.0"><methods/><lines><line number="1" hits="0" branch="false"/><line number="3" hits="0" branch="false"/></lines></class></classes></package><package name="libs.lib2" line-rate="0.0" branch-rate="0.0" complexity="0.0"><classes><class name="src_cpp" filename="libs/lib2/src.cpp" line-rate="0.0" branch-rate="0.0" complexity="0.0"><methods/><lines><line number="1" hits="0" branch="false"/><line number="3" hits="0" branch="false"/></lines></class></classes></package><package name="libs.lib3" line-rate="1.0" branch-rate="1.0" complexity="0.0"><classes><class name="pid_cpp" filename="libs/lib3/pid.cpp" line-rate="1.0" branch-rate="1.0" complexity="0.0"><methods/><lines><line number="5" hits="100" branch="false"/><line number="7" hits="100" branch="false"/><line number="10" hits="100" branch="false"/><line number="13" hits="100" branch="false"/><line number="16" hits="100" branch="false"/><line number="19" hits="100" branch="false"/><line number="20" hits="100" branch="false"/><line number="23" hits="100" branch="false"/><line number="26" hits="100" branch="false"/><line number="28" hits="100" branch="false"/><line number="31" hits="1" branch="false"/><line number="33" hits="101" branch="true" condition-coverage="100% (2/2)"><conditions><condition number="0" type="jump" coverage="100%"/></conditions></line><line number="35" hits="100" branch="false"/><line number="38" hits="1" branch="false"/></lines></class><class name="pid_hpp" filename="libs/lib3/pid.hpp" line-rate="1.0" branch-rate="0.0" complexity="0.0"><methods/><lines><line number="22" hits="1" branch="false"/><line number="23" hits="1" branch="false"/><line number="24" hits="1" branch="false"/><line number="25" hits="1" branch="false"/><line number="26" hits="1" branch="false"/><line number="27" hits="1" branch="false"/><line number="28" hits="1" branch="false"/></lines></class></classes></package></packages></coverage>